<?xml version="1.0" encoding="UTF-8"?>
<testng-results skipped="0" failed="1" total="1" passed="0">
  <reporter-output>
  </reporter-output>
  <suite name="Default suite" duration-ms="1877" started-at="2020-03-04T05:37:47Z" finished-at="2020-03-04T05:37:49Z">
    <groups>
      <group name="cucumber">
        <method signature="AbstractTestNGCucumberTests.feature(cucumber.api.testng.CucumberFeatureWrapper)[pri:0, instance:com.testrunner.Testrunner@26653222]" name="feature" class="cucumber.api.testng.AbstractTestNGCucumberTests"/>
      </group> <!-- cucumber -->
    </groups>
    <test name="Default test" duration-ms="1877" started-at="2020-03-04T05:37:47Z" finished-at="2020-03-04T05:37:49Z">
      <class name="com.testrunner.Testrunner">
        <test-method status="PASS" signature="setUpClass()[pri:0, instance:com.testrunner.Testrunner@26653222]" name="setUpClass" is-config="true" duration-ms="156" started-at="2020-03-04T00:37:47Z" finished-at="2020-03-04T00:37:47Z">
          <reporter-output>
          </reporter-output>
        </test-method> <!-- setUpClass -->
        <test-method status="FAIL" signature="feature(cucumber.api.testng.CucumberFeatureWrapper)[pri:0, instance:com.testrunner.Testrunner@26653222]" name="feature" duration-ms="1653" started-at="2020-03-04T00:37:47Z" description="Runs Cucumber Feature" data-provider="features" finished-at="2020-03-04T00:37:48Z">
          <params>
            <param index="0">
              <value>
                <![CDATA[Facebook login functionality test]]>
              </value>
            </param>
          </params>
          <exception class="cucumber.runtime.CucumberException">
            <message>
              <![CDATA[org.openqa.selenium.SessionNotCreatedException: session not created: This version of ChromeDriver only supports Chrome version 81
Build info: version: '3.141.59', revision: 'e82be7d358', time: '2018-11-14T08:17:03'
System info: host: 'LAPTOP-014C8HKA', ip: '192.168.1.8', os.name: 'Windows 10', os.arch: 'amd64', os.version: '10.0', java.version: '1.8.0_221'
Driver info: driver.version: ChromeDriver
remote stacktrace: Backtrace:
	Ordinal0 [0x00E05D53+2448723]
	Ordinal0 [0x00D38131+1605937]
	Ordinal0 [0x00C2F879+522361]
	Ordinal0 [0x00BC05F3+67059]
	Ordinal0 [0x00BBCD92+52626]
	Ordinal0 [0x00BDC127+180519]
	Ordinal0 [0x00BDBF2D+180013]
	Ordinal0 [0x00BD9E5B+171611]
	Ordinal0 [0x00BC1DD8+73176]
	Ordinal0 [0x00BC2E50+77392]
	Ordinal0 [0x00BC2DE9+77289]
	Ordinal0 [0x00D4D6A7+1693351]
	GetHandleVerifier [0x00EA3E16+522726]
	GetHandleVerifier [0x00EA3B54+522020]
	GetHandleVerifier [0x00EB8F67+609079]
	GetHandleVerifier [0x00EA4686+524886]
	Ordinal0 [0x00D45A8C+1661580]
	Ordinal0 [0x00D4F00B+1699851]
	Ordinal0 [0x00D4F173+1700211]
	Ordinal0 [0x00D64FE5+1789925]
	BaseThreadInitThunk [0x76FE6359+25]
	RtlGetAppContainerNamedObjectPath [0x77837B74+228]
	RtlGetAppContainerNamedObjectPath [0x77837B44+180]
]]>
            </message>
            <full-stacktrace>
              <![CDATA[cucumber.runtime.CucumberException: org.openqa.selenium.SessionNotCreatedException: session not created: This version of ChromeDriver only supports Chrome version 81
Build info: version: '3.141.59', revision: 'e82be7d358', time: '2018-11-14T08:17:03'
System info: host: 'LAPTOP-014C8HKA', ip: '192.168.1.8', os.name: 'Windows 10', os.arch: 'amd64', os.version: '10.0', java.version: '1.8.0_221'
Driver info: driver.version: ChromeDriver
remote stacktrace: Backtrace:
	Ordinal0 [0x00E05D53+2448723]
	Ordinal0 [0x00D38131+1605937]
	Ordinal0 [0x00C2F879+522361]
	Ordinal0 [0x00BC05F3+67059]
	Ordinal0 [0x00BBCD92+52626]
	Ordinal0 [0x00BDC127+180519]
	Ordinal0 [0x00BDBF2D+180013]
	Ordinal0 [0x00BD9E5B+171611]
	Ordinal0 [0x00BC1DD8+73176]
	Ordinal0 [0x00BC2E50+77392]
	Ordinal0 [0x00BC2DE9+77289]
	Ordinal0 [0x00D4D6A7+1693351]
	GetHandleVerifier [0x00EA3E16+522726]
	GetHandleVerifier [0x00EA3B54+522020]
	GetHandleVerifier [0x00EB8F67+609079]
	GetHandleVerifier [0x00EA4686+524886]
	Ordinal0 [0x00D45A8C+1661580]
	Ordinal0 [0x00D4F00B+1699851]
	Ordinal0 [0x00D4F173+1700211]
	Ordinal0 [0x00D64FE5+1789925]
	BaseThreadInitThunk [0x76FE6359+25]
	RtlGetAppContainerNamedObjectPath [0x77837B74+228]
	RtlGetAppContainerNamedObjectPath [0x77837B44+180]

	at cucumber.api.testng.TestNGCucumberRunner.runCucumber(TestNGCucumberRunner.java:69)
	at cucumber.api.testng.AbstractTestNGCucumberTests.feature(AbstractTestNGCucumberTests.java:21)
	at sun.reflect.NativeMethodAccessorImpl.invoke0(Native Method)
	at sun.reflect.NativeMethodAccessorImpl.invoke(NativeMethodAccessorImpl.java:62)
	at sun.reflect.DelegatingMethodAccessorImpl.invoke(DelegatingMethodAccessorImpl.java:43)
	at java.lang.reflect.Method.invoke(Method.java:498)
	at org.testng.internal.MethodInvocationHelper.invokeMethod(MethodInvocationHelper.java:86)
	at org.testng.internal.Invoker.invokeMethod(Invoker.java:643)
	at org.testng.internal.Invoker.invokeTestMethod(Invoker.java:820)
	at org.testng.internal.Invoker.invokeTestMethods(Invoker.java:1128)
	at org.testng.internal.TestMethodWorker.invokeTestMethods(TestMethodWorker.java:129)
	at org.testng.internal.TestMethodWorker.run(TestMethodWorker.java:112)
	at org.testng.TestRunner.privateRun(TestRunner.java:782)
	at org.testng.TestRunner.run(TestRunner.java:632)
	at org.testng.SuiteRunner.runTest(SuiteRunner.java:366)
	at org.testng.SuiteRunner.runSequentially(SuiteRunner.java:361)
	at org.testng.SuiteRunner.privateRun(SuiteRunner.java:319)
	at org.testng.SuiteRunner.run(SuiteRunner.java:268)
	at org.testng.SuiteRunnerWorker.runSuite(SuiteRunnerWorker.java:52)
	at org.testng.SuiteRunnerWorker.run(SuiteRunnerWorker.java:86)
	at org.testng.TestNG.runSuitesSequentially(TestNG.java:1244)
	at org.testng.TestNG.runSuitesLocally(TestNG.java:1169)
	at org.testng.TestNG.run(TestNG.java:1064)
	at org.testng.remote.AbstractRemoteTestNG.run(AbstractRemoteTestNG.java:115)
	at org.testng.remote.RemoteTestNG.initAndRun(RemoteTestNG.java:251)
	at org.testng.remote.RemoteTestNG.main(RemoteTestNG.java:77)
Caused by: org.openqa.selenium.SessionNotCreatedException: session not created: This version of ChromeDriver only supports Chrome version 81
Build info: version: '3.141.59', revision: 'e82be7d358', time: '2018-11-14T08:17:03'
System info: host: 'LAPTOP-014C8HKA', ip: '192.168.1.8', os.name: 'Windows 10', os.arch: 'amd64', os.version: '10.0', java.version: '1.8.0_221'
Driver info: driver.version: ChromeDriver
remote stacktrace: Backtrace:
	Ordinal0 [0x00E05D53+2448723]
	Ordinal0 [0x00D38131+1605937]
	Ordinal0 [0x00C2F879+522361]
	Ordinal0 [0x00BC05F3+67059]
	Ordinal0 [0x00BBCD92+52626]
	Ordinal0 [0x00BDC127+180519]
	Ordinal0 [0x00BDBF2D+180013]
	Ordinal0 [0x00BD9E5B+171611]
	Ordinal0 [0x00BC1DD8+73176]
	Ordinal0 [0x00BC2E50+77392]
	Ordinal0 [0x00BC2DE9+77289]
	Ordinal0 [0x00D4D6A7+1693351]
	GetHandleVerifier [0x00EA3E16+522726]
	GetHandleVerifier [0x00EA3B54+522020]
	GetHandleVerifier [0x00EB8F67+609079]
	GetHandleVerifier [0x00EA4686+524886]
	Ordinal0 [0x00D45A8C+1661580]
	Ordinal0 [0x00D4F00B+1699851]
	Ordinal0 [0x00D4F173+1700211]
	Ordinal0 [0x00D64FE5+1789925]
	BaseThreadInitThunk [0x76FE6359+25]
	RtlGetAppContainerNamedObjectPath [0x77837B74+228]
	RtlGetAppContainerNamedObjectPath [0x77837B44+180]

	at sun.reflect.NativeConstructorAccessorImpl.newInstance0(Native Method)
	at sun.reflect.NativeConstructorAccessorImpl.newInstance(NativeConstructorAccessorImpl.java:62)
	at sun.reflect.DelegatingConstructorAccessorImpl.newInstance(DelegatingConstructorAccessorImpl.java:45)
	at java.lang.reflect.Constructor.newInstance(Constructor.java:423)
	at org.openqa.selenium.remote.W3CHandshakeResponse.lambda$errorHandler$0(W3CHandshakeResponse.java:62)
	at org.openqa.selenium.remote.HandshakeResponse.lambda$getResponseFunction$0(HandshakeResponse.java:30)
	at org.openqa.selenium.remote.ProtocolHandshake.lambda$createSession$0(ProtocolHandshake.java:126)
	at java.util.stream.ReferencePipeline$3$1.accept(ReferencePipeline.java:193)
	at java.util.Spliterators$ArraySpliterator.tryAdvance(Spliterators.java:958)
	at java.util.stream.ReferencePipeline.forEachWithCancel(ReferencePipeline.java:126)
	at java.util.stream.AbstractPipeline.copyIntoWithCancel(AbstractPipeline.java:499)
	at java.util.stream.AbstractPipeline.copyInto(AbstractPipeline.java:486)
	at java.util.stream.AbstractPipeline.wrapAndCopyInto(AbstractPipeline.java:472)
	at java.util.stream.FindOps$FindOp.evaluateSequential(FindOps.java:152)
	at java.util.stream.AbstractPipeline.evaluate(AbstractPipeline.java:234)
	at java.util.stream.ReferencePipeline.findFirst(ReferencePipeline.java:464)
	at org.openqa.selenium.remote.ProtocolHandshake.createSession(ProtocolHandshake.java:128)
	at org.openqa.selenium.remote.ProtocolHandshake.createSession(ProtocolHandshake.java:74)
	at org.openqa.selenium.remote.HttpCommandExecutor.execute(HttpCommandExecutor.java:136)
	at org.openqa.selenium.remote.service.DriverCommandExecutor.execute(DriverCommandExecutor.java:83)
	at org.openqa.selenium.remote.RemoteWebDriver.execute(RemoteWebDriver.java:552)
	at org.openqa.selenium.remote.RemoteWebDriver.startSession(RemoteWebDriver.java:213)
	at org.openqa.selenium.remote.RemoteWebDriver.<init>(RemoteWebDriver.java:131)
	at org.openqa.selenium.chrome.ChromeDriver.<init>(ChromeDriver.java:181)
	at org.openqa.selenium.chrome.ChromeDriver.<init>(ChromeDriver.java:168)
	at org.openqa.selenium.chrome.ChromeDriver.<init>(ChromeDriver.java:123)
	at com.common.Base.getDriver(Base.java:12)
	at com.stepdef.Stepdef.go_to_home_page(Stepdef.java:18)
	at âœ½.Given go to home page(Login.feature:3)
]]>
            </full-stacktrace>
          </exception> <!-- cucumber.runtime.CucumberException -->
          <reporter-output>
          </reporter-output>
        </test-method> <!-- feature -->
        <test-method status="PASS" signature="tearDownClass()[pri:0, instance:com.testrunner.Testrunner@26653222]" name="tearDownClass" is-config="true" duration-ms="5" started-at="2020-03-04T00:37:49Z" finished-at="2020-03-04T00:37:49Z">
          <reporter-output>
          </reporter-output>
        </test-method> <!-- tearDownClass -->
      </class> <!-- com.testrunner.Testrunner -->
    </test> <!-- Default test -->
  </suite> <!-- Default suite -->
</testng-results>
