<?xml version="1.0" encoding="UTF-8"?>
<!-- Generated by org.testng.reporters.JUnitXMLReporter -->
<testsuite hostname="LAPTOP-014C8HKA" name="Default test(failed)" tests="1" failures="1" timestamp="24 Dec 2019 21:13:54 GMT" time="1.21" errors="0">
  <testcase name="feature" time="1.198" classname="com.testrunner.Testrunner">
    <failure type="cucumber.runtime.CucumberException" message="org.openqa.selenium.SessionNotCreatedException: session not created: This version of ChromeDriver only supports Chrome version 76
Build info: version: &amp;apos;3.141.59&amp;apos;, revision: &amp;apos;e82be7d358&amp;apos;, time: &amp;apos;2018-11-14T08:17:03&amp;apos;
System info: host: &amp;apos;LAPTOP-014C8HKA&amp;apos;, ip: &amp;apos;10.67.107.123&amp;apos;, os.name: &amp;apos;Windows 10&amp;apos;, os.arch: &amp;apos;amd64&amp;apos;, os.version: &amp;apos;10.0&amp;apos;, java.version: &amp;apos;1.8.0_221&amp;apos;
Driver info: driver.version: ChromeDriver
remote stacktrace: Backtrace:
	Ordinal0 [0x00AF7C53+1473619]
	Ordinal0 [0x00A7AD71+961905]
	Ordinal0 [0x00A042B3+475827]
	Ordinal0 [0x0099F365+62309]
	Ordinal0 [0x0099BC77+48247]
	Ordinal0 [0x009B9149+168265]
	Ordinal0 [0x009B8D1D+167197]
	Ordinal0 [0x009B742B+160811]
	Ordinal0 [0x009A0AE6+68326]
	Ordinal0 [0x009A1BF0+72688]
	Ordinal0 [0x009A1B89+72585]
	Ordinal0 [0x00A94B37+1067831]
	GetHandleVerifier [0x00B96845+506677]
	GetHandleVerifier [0x00B965E0+506064]
	GetHandleVerifier [0x00B9D188+533624]
	GetHandleVerifier [0x00B9701A+508682]
	Ordinal0 [0x00A8C226+1032742]
	Ordinal0 [0x00A8C09F+1032351]
	Ordinal0 [0x00A96A4B+1075787]
	Ordinal0 [0x00A96BB3+1076147]
	Ordinal0 [0x00A95B65+1071973]
	BaseThreadInitThunk [0x75CB6359+25]
	RtlGetAppContainerNamedObjectPath [0x774C7B74+228]
	RtlGetAppContainerNamedObjectPath [0x774C7B44+180]
">
      <![CDATA[cucumber.runtime.CucumberException: org.openqa.selenium.SessionNotCreatedException: session not created: This version of ChromeDriver only supports Chrome version 76
Build info: version: '3.141.59', revision: 'e82be7d358', time: '2018-11-14T08:17:03'
System info: host: 'LAPTOP-014C8HKA', ip: '10.67.107.123', os.name: 'Windows 10', os.arch: 'amd64', os.version: '10.0', java.version: '1.8.0_221'
Driver info: driver.version: ChromeDriver
remote stacktrace: Backtrace:
	Ordinal0 [0x00AF7C53+1473619]
	Ordinal0 [0x00A7AD71+961905]
	Ordinal0 [0x00A042B3+475827]
	Ordinal0 [0x0099F365+62309]
	Ordinal0 [0x0099BC77+48247]
	Ordinal0 [0x009B9149+168265]
	Ordinal0 [0x009B8D1D+167197]
	Ordinal0 [0x009B742B+160811]
	Ordinal0 [0x009A0AE6+68326]
	Ordinal0 [0x009A1BF0+72688]
	Ordinal0 [0x009A1B89+72585]
	Ordinal0 [0x00A94B37+1067831]
	GetHandleVerifier [0x00B96845+506677]
	GetHandleVerifier [0x00B965E0+506064]
	GetHandleVerifier [0x00B9D188+533624]
	GetHandleVerifier [0x00B9701A+508682]
	Ordinal0 [0x00A8C226+1032742]
	Ordinal0 [0x00A8C09F+1032351]
	Ordinal0 [0x00A96A4B+1075787]
	Ordinal0 [0x00A96BB3+1076147]
	Ordinal0 [0x00A95B65+1071973]
	BaseThreadInitThunk [0x75CB6359+25]
	RtlGetAppContainerNamedObjectPath [0x774C7B74+228]
	RtlGetAppContainerNamedObjectPath [0x774C7B44+180]

	at cucumber.api.testng.TestNGCucumberRunner.runCucumber(TestNGCucumberRunner.java:69)
	at cucumber.api.testng.AbstractTestNGCucumberTests.feature(AbstractTestNGCucumberTests.java:21)
Caused by: org.openqa.selenium.SessionNotCreatedException: session not created: This version of ChromeDriver only supports Chrome version 76
Build info: version: '3.141.59', revision: 'e82be7d358', time: '2018-11-14T08:17:03'
System info: host: 'LAPTOP-014C8HKA', ip: '10.67.107.123', os.name: 'Windows 10', os.arch: 'amd64', os.version: '10.0', java.version: '1.8.0_221'
Driver info: driver.version: ChromeDriver
remote stacktrace: Backtrace:
	Ordinal0 [0x00AF7C53+1473619]
	Ordinal0 [0x00A7AD71+961905]
	Ordinal0 [0x00A042B3+475827]
	Ordinal0 [0x0099F365+62309]
	Ordinal0 [0x0099BC77+48247]
	Ordinal0 [0x009B9149+168265]
	Ordinal0 [0x009B8D1D+167197]
	Ordinal0 [0x009B742B+160811]
	Ordinal0 [0x009A0AE6+68326]
	Ordinal0 [0x009A1BF0+72688]
	Ordinal0 [0x009A1B89+72585]
	Ordinal0 [0x00A94B37+1067831]
	GetHandleVerifier [0x00B96845+506677]
	GetHandleVerifier [0x00B965E0+506064]
	GetHandleVerifier [0x00B9D188+533624]
	GetHandleVerifier [0x00B9701A+508682]
	Ordinal0 [0x00A8C226+1032742]
	Ordinal0 [0x00A8C09F+1032351]
	Ordinal0 [0x00A96A4B+1075787]
	Ordinal0 [0x00A96BB3+1076147]
	Ordinal0 [0x00A95B65+1071973]
	BaseThreadInitThunk [0x75CB6359+25]
	RtlGetAppContainerNamedObjectPath [0x774C7B74+228]
	RtlGetAppContainerNamedObjectPath [0x774C7B44+180]

	at org.openqa.selenium.remote.W3CHandshakeResponse.lambda$errorHandler$0(W3CHandshakeResponse.java:62)
	at org.openqa.selenium.remote.HandshakeResponse.lambda$getResponseFunction$0(HandshakeResponse.java:30)
	at org.openqa.selenium.remote.ProtocolHandshake.lambda$createSession$0(ProtocolHandshake.java:126)
	at java.util.stream.ReferencePipeline$3$1.accept(Unknown Source)
	at java.util.Spliterators$ArraySpliterator.tryAdvance(Unknown Source)
	at java.util.stream.ReferencePipeline.forEachWithCancel(Unknown Source)
	at java.util.stream.AbstractPipeline.copyIntoWithCancel(Unknown Source)
	at java.util.stream.AbstractPipeline.copyInto(Unknown Source)
	at java.util.stream.AbstractPipeline.wrapAndCopyInto(Unknown Source)
	at java.util.stream.FindOps$FindOp.evaluateSequential(Unknown Source)
	at java.util.stream.AbstractPipeline.evaluate(Unknown Source)
	at java.util.stream.ReferencePipeline.findFirst(Unknown Source)
	at org.openqa.selenium.remote.ProtocolHandshake.createSession(ProtocolHandshake.java:128)
	at org.openqa.selenium.remote.ProtocolHandshake.createSession(ProtocolHandshake.java:74)
	at org.openqa.selenium.remote.HttpCommandExecutor.execute(HttpCommandExecutor.java:136)
	at org.openqa.selenium.remote.service.DriverCommandExecutor.execute(DriverCommandExecutor.java:83)
	at org.openqa.selenium.remote.RemoteWebDriver.execute(RemoteWebDriver.java:552)
	at org.openqa.selenium.remote.RemoteWebDriver.startSession(RemoteWebDriver.java:213)
	at org.openqa.selenium.remote.RemoteWebDriver.<init>(RemoteWebDriver.java:131)
	at org.openqa.selenium.chrome.ChromeDriver.<init>(ChromeDriver.java:181)
	at org.openqa.selenium.chrome.ChromeDriver.<init>(ChromeDriver.java:168)
	at org.openqa.selenium.chrome.ChromeDriver.<init>(ChromeDriver.java:123)
	at com.common.Base.getDriver(Base.java:12)
	at com.stepdef.Stepdef.go_to_home_page(Stepdef.java:18)
	at âœ½.Given go to home page(Login.feature:3)
... Removed 28 stack frames]]>
    </failure>
  </testcase> <!-- feature -->
</testsuite> <!-- Default test(failed) -->
