<html>
<head>
<title>TestNG:  Default test</title>
<link href="../testng.css" rel="stylesheet" type="text/css" />
<link href="../my-testng.css" rel="stylesheet" type="text/css" />

<style type="text/css">
.log { display: none;} 
.stack-trace { display: none;} 
</style>
<script type="text/javascript">
<!--
function flip(e) {
  current = e.style.display;
  if (current == 'block') {
    e.style.display = 'none';
    return 0;
  }
  else {
    e.style.display = 'block';
    return 1;
  }
}

function toggleBox(szDivId, elem, msg1, msg2)
{
  var res = -1;  if (document.getElementById) {
    res = flip(document.getElementById(szDivId));
  }
  else if (document.all) {
    // this is the way old msie versions work
    res = flip(document.all[szDivId]);
  }
  if(elem) {
    if(res == 0) elem.innerHTML = msg1; else elem.innerHTML = msg2;
  }

}

function toggleAllBoxes() {
  if (document.getElementsByTagName) {
    d = document.getElementsByTagName('div');
    for (i = 0; i < d.length; i++) {
      if (d[i].className == 'log') {
        flip(d[i]);
      }
    }
  }
}

// -->
</script>

</head>
<body>
<h2 align='center'>Default test</h2><table border='1' align="center">
<tr>
<td>Tests passed/Failed/Skipped:</td><td>0/1/0</td>
</tr><tr>
<td>Started on:</td><td>Tue Dec 24 16:13:50 EST 2019</td>
</tr>
<tr><td>Total time:</td><td>2 seconds (2546 ms)</td>
</tr><tr>
<td>Included groups:</td><td></td>
</tr><tr>
<td>Excluded groups:</td><td></td>
</tr>
</table><p/>
<small><i>(Hover the method name to see the test class name)</i></small><p/>
<table width='100%' border='1' class='invocation-failed'>
<tr><td colspan='4' align='center'><b>FAILED TESTS</b></td></tr>
<tr><td><b>Test method</b></td>
<td width="30%"><b>Exception</b></td>
<td width="10%"><b>Time (seconds)</b></td>
<td><b>Instance</b></td>
</tr>
<tr>
<td title='com.testrunner.Testrunner.feature()'><b>feature</b><br>Test class: com.testrunner.Testrunner<br>Test method: Runs Cucumber Feature<br>Parameters: Facebook login functionality test</td>
<td><div><pre>cucumber.runtime.CucumberException: org.openqa.selenium.SessionNotCreatedException: session not created: This version of ChromeDriver only supports Chrome version 76
Build info: version: &apos;3.141.59&apos;, revision: &apos;e82be7d358&apos;, time: &apos;2018-11-14T08:17:03&apos;
System info: host: &apos;LAPTOP-014C8HKA&apos;, ip: &apos;10.67.107.123&apos;, os.name: &apos;Windows 10&apos;, os.arch: &apos;amd64&apos;, os.version: &apos;10.0&apos;, java.version: &apos;1.8.0_221&apos;
Driver info: driver.version: ChromeDriver
remote stacktrace: Backtrace:
	Ordinal0 [0x00AF7C53+1473619]
	Ordinal0 [0x00A7AD71+961905]
	Ordinal0 [0x00A042B3+475827]
	Ordinal0 [0x0099F365+62309]
	Ordinal0 [0x0099BC77+48247]
	Ordinal0 [0x009B9149+168265]
	Ordinal0 [0x009B8D1D+167197]
	Ordinal0 [0x009B742B+160811]
	Ordinal0 [0x009A0AE6+68326]
	Ordinal0 [0x009A1BF0+72688]
	Ordinal0 [0x009A1B89+72585]
	Ordinal0 [0x00A94B37+1067831]
	GetHandleVerifier [0x00B96845+506677]
	GetHandleVerifier [0x00B965E0+506064]
	GetHandleVerifier [0x00B9D188+533624]
	GetHandleVerifier [0x00B9701A+508682]
	Ordinal0 [0x00A8C226+1032742]
	Ordinal0 [0x00A8C09F+1032351]
	Ordinal0 [0x00A96A4B+1075787]
	Ordinal0 [0x00A96BB3+1076147]
	Ordinal0 [0x00A95B65+1071973]
	BaseThreadInitThunk [0x75CB6359+25]
	RtlGetAppContainerNamedObjectPath [0x774C7B74+228]
	RtlGetAppContainerNamedObjectPath [0x774C7B44+180]

	at cucumber.api.testng.TestNGCucumberRunner.runCucumber(TestNGCucumberRunner.java:69)
	at cucumber.api.testng.AbstractTestNGCucumberTests.feature(AbstractTestNGCucumberTests.java:21)
Caused by: org.openqa.selenium.SessionNotCreatedException: session not created: This version of ChromeDriver only supports Chrome version 76
Build info: version: &apos;3.141.59&apos;, revision: &apos;e82be7d358&apos;, time: &apos;2018-11-14T08:17:03&apos;
System info: host: &apos;LAPTOP-014C8HKA&apos;, ip: &apos;10.67.107.123&apos;, os.name: &apos;Windows 10&apos;, os.arch: &apos;amd64&apos;, os.version: &apos;10.0&apos;, java.version: &apos;1.8.0_221&apos;
Driver info: driver.version: ChromeDriver
remote stacktrace: Backtrace:
	Ordinal0 [0x00AF7C53+1473619]
	Ordinal0 [0x00A7AD71+961905]
	Ordinal0 [0x00A042B3+475827]
	Ordinal0 [0x0099F365+62309]
	Ordinal0 [0x0099BC77+48247]
	Ordinal0 [0x009B9149+168265]
	Ordinal0 [0x009B8D1D+167197]
	Ordinal0 [0x009B742B+160811]
	Ordinal0 [0x009A0AE6+68326]
	Ordinal0 [0x009A1BF0+72688]
	Ordinal0 [0x009A1B89+72585]
	Ordinal0 [0x00A94B37+1067831]
	GetHandleVerifier [0x00B96845+506677]
	GetHandleVerifier [0x00B965E0+506064]
	GetHandleVerifier [0x00B9D188+533624]
	GetHandleVerifier [0x00B9701A+508682]
	Ordinal0 [0x00A8C226+1032742]
	Ordinal0 [0x00A8C09F+1032351]
	Ordinal0 [0x00A96A4B+1075787]
	Ordinal0 [0x00A96BB3+1076147]
	Ordinal0 [0x00A95B65+1071973]
	BaseThreadInitThunk [0x75CB6359+25]
	RtlGetAppContainerNamedObjectPath [0x774C7B74+228]
	RtlGetAppContainerNamedObjectPath [0x774C7B44+180]

	at org.openqa.selenium.remote.W3CHandshakeResponse.lambda$errorHandler$0(W3CHandshakeResponse.java:62)
	at org.openqa.selenium.remote.HandshakeResponse.lambda$getResponseFunction$0(HandshakeResponse.java:30)
	at org.openqa.selenium.remote.ProtocolHandshake.lambda$createSession$0(ProtocolHandshake.java:126)
	at java.util.stream.ReferencePipeline$3$1.accept(Unknown Source)
	at java.util.Spliterators$ArraySpliterator.tryAdvance(Unknown Source)
	at java.util.stream.ReferencePipeline.forEachWithCancel(Unknown Source)
	at java.util.stream.AbstractPipeline.copyIntoWithCancel(Unknown Source)
	at java.util.stream.AbstractPipeline.copyInto(Unknown Source)
	at java.util.stream.AbstractPipeline.wrapAndCopyInto(Unknown Source)
	at java.util.stream.FindOps$FindOp.evaluateSequential(Unknown Source)
	at java.util.stream.AbstractPipeline.evaluate(Unknown Source)
	at java.util.stream.ReferencePipeline.findFirst(Unknown Source)
	at org.openqa.selenium.remote.ProtocolHandshake.createSession(ProtocolHandshake.java:128)
	at org.openqa.selenium.remote.ProtocolHandshake.createSession(ProtocolHandshake.java:74)
	at org.openqa.selenium.remote.HttpCommandExecutor.execute(HttpCommandExecutor.java:136)
	at org.openqa.selenium.remote.service.DriverCommandExecutor.execute(DriverCommandExecutor.java:83)
	at org.openqa.selenium.remote.RemoteWebDriver.execute(RemoteWebDriver.java:552)
	at org.openqa.selenium.remote.RemoteWebDriver.startSession(RemoteWebDriver.java:213)
	at org.openqa.selenium.remote.RemoteWebDriver.&lt;init&gt;(RemoteWebDriver.java:131)
	at org.openqa.selenium.chrome.ChromeDriver.&lt;init&gt;(ChromeDriver.java:181)
	at org.openqa.selenium.chrome.ChromeDriver.&lt;init&gt;(ChromeDriver.java:168)
	at org.openqa.selenium.chrome.ChromeDriver.&lt;init&gt;(ChromeDriver.java:123)
	at com.common.Base.getDriver(Base.java:12)
	at com.stepdef.Stepdef.go_to_home_page(Stepdef.java:18)
	at ?.Given go to home page(Login.feature:3)
... Removed 28 stack frames</pre></div><a href='#' onClick='toggleBox("stack-trace1200048933", this, "Click to show all stack frames", "Click to hide stack frames")'>Click to show all stack frames</a>
<div class='stack-trace' id='stack-trace1200048933'><pre>cucumber.runtime.CucumberException: org.openqa.selenium.SessionNotCreatedException: session not created: This version of ChromeDriver only supports Chrome version 76
Build info: version: &apos;3.141.59&apos;, revision: &apos;e82be7d358&apos;, time: &apos;2018-11-14T08:17:03&apos;
System info: host: &apos;LAPTOP-014C8HKA&apos;, ip: &apos;10.67.107.123&apos;, os.name: &apos;Windows 10&apos;, os.arch: &apos;amd64&apos;, os.version: &apos;10.0&apos;, java.version: &apos;1.8.0_221&apos;
Driver info: driver.version: ChromeDriver
remote stacktrace: Backtrace:
	Ordinal0 [0x00AF7C53+1473619]
	Ordinal0 [0x00A7AD71+961905]
	Ordinal0 [0x00A042B3+475827]
	Ordinal0 [0x0099F365+62309]
	Ordinal0 [0x0099BC77+48247]
	Ordinal0 [0x009B9149+168265]
	Ordinal0 [0x009B8D1D+167197]
	Ordinal0 [0x009B742B+160811]
	Ordinal0 [0x009A0AE6+68326]
	Ordinal0 [0x009A1BF0+72688]
	Ordinal0 [0x009A1B89+72585]
	Ordinal0 [0x00A94B37+1067831]
	GetHandleVerifier [0x00B96845+506677]
	GetHandleVerifier [0x00B965E0+506064]
	GetHandleVerifier [0x00B9D188+533624]
	GetHandleVerifier [0x00B9701A+508682]
	Ordinal0 [0x00A8C226+1032742]
	Ordinal0 [0x00A8C09F+1032351]
	Ordinal0 [0x00A96A4B+1075787]
	Ordinal0 [0x00A96BB3+1076147]
	Ordinal0 [0x00A95B65+1071973]
	BaseThreadInitThunk [0x75CB6359+25]
	RtlGetAppContainerNamedObjectPath [0x774C7B74+228]
	RtlGetAppContainerNamedObjectPath [0x774C7B44+180]

	at cucumber.api.testng.TestNGCucumberRunner.runCucumber(TestNGCucumberRunner.java:69)
	at cucumber.api.testng.AbstractTestNGCucumberTests.feature(AbstractTestNGCucumberTests.java:21)
	at sun.reflect.NativeMethodAccessorImpl.invoke0(Native Method)
	at sun.reflect.NativeMethodAccessorImpl.invoke(Unknown Source)
	at sun.reflect.DelegatingMethodAccessorImpl.invoke(Unknown Source)
	at java.lang.reflect.Method.invoke(Unknown Source)
	at org.testng.internal.MethodInvocationHelper.invokeMethod(MethodInvocationHelper.java:86)
	at org.testng.internal.Invoker.invokeMethod(Invoker.java:643)
	at org.testng.internal.Invoker.invokeTestMethod(Invoker.java:820)
	at org.testng.internal.Invoker.invokeTestMethods(Invoker.java:1128)
	at org.testng.internal.TestMethodWorker.invokeTestMethods(TestMethodWorker.java:129)
	at org.testng.internal.TestMethodWorker.run(TestMethodWorker.java:112)
	at org.testng.TestRunner.privateRun(TestRunner.java:782)
	at org.testng.TestRunner.run(TestRunner.java:632)
	at org.testng.SuiteRunner.runTest(SuiteRunner.java:366)
	at org.testng.SuiteRunner.runSequentially(SuiteRunner.java:361)
	at org.testng.SuiteRunner.privateRun(SuiteRunner.java:319)
	at org.testng.SuiteRunner.run(SuiteRunner.java:268)
	at org.testng.SuiteRunnerWorker.runSuite(SuiteRunnerWorker.java:52)
	at org.testng.SuiteRunnerWorker.run(SuiteRunnerWorker.java:86)
	at org.testng.TestNG.runSuitesSequentially(TestNG.java:1244)
	at org.testng.TestNG.runSuitesLocally(TestNG.java:1169)
	at org.testng.TestNG.run(TestNG.java:1064)
	at org.testng.remote.AbstractRemoteTestNG.run(AbstractRemoteTestNG.java:115)
	at org.testng.remote.RemoteTestNG.initAndRun(RemoteTestNG.java:251)
	at org.testng.remote.RemoteTestNG.main(RemoteTestNG.java:77)
Caused by: org.openqa.selenium.SessionNotCreatedException: session not created: This version of ChromeDriver only supports Chrome version 76
Build info: version: &apos;3.141.59&apos;, revision: &apos;e82be7d358&apos;, time: &apos;2018-11-14T08:17:03&apos;
System info: host: &apos;LAPTOP-014C8HKA&apos;, ip: &apos;10.67.107.123&apos;, os.name: &apos;Windows 10&apos;, os.arch: &apos;amd64&apos;, os.version: &apos;10.0&apos;, java.version: &apos;1.8.0_221&apos;
Driver info: driver.version: ChromeDriver
remote stacktrace: Backtrace:
	Ordinal0 [0x00AF7C53+1473619]
	Ordinal0 [0x00A7AD71+961905]
	Ordinal0 [0x00A042B3+475827]
	Ordinal0 [0x0099F365+62309]
	Ordinal0 [0x0099BC77+48247]
	Ordinal0 [0x009B9149+168265]
	Ordinal0 [0x009B8D1D+167197]
	Ordinal0 [0x009B742B+160811]
	Ordinal0 [0x009A0AE6+68326]
	Ordinal0 [0x009A1BF0+72688]
	Ordinal0 [0x009A1B89+72585]
	Ordinal0 [0x00A94B37+1067831]
	GetHandleVerifier [0x00B96845+506677]
	GetHandleVerifier [0x00B965E0+506064]
	GetHandleVerifier [0x00B9D188+533624]
	GetHandleVerifier [0x00B9701A+508682]
	Ordinal0 [0x00A8C226+1032742]
	Ordinal0 [0x00A8C09F+1032351]
	Ordinal0 [0x00A96A4B+1075787]
	Ordinal0 [0x00A96BB3+1076147]
	Ordinal0 [0x00A95B65+1071973]
	BaseThreadInitThunk [0x75CB6359+25]
	RtlGetAppContainerNamedObjectPath [0x774C7B74+228]
	RtlGetAppContainerNamedObjectPath [0x774C7B44+180]

	at sun.reflect.NativeConstructorAccessorImpl.newInstance0(Native Method)
	at sun.reflect.NativeConstructorAccessorImpl.newInstance(Unknown Source)
	at sun.reflect.DelegatingConstructorAccessorImpl.newInstance(Unknown Source)
	at java.lang.reflect.Constructor.newInstance(Unknown Source)
	at org.openqa.selenium.remote.W3CHandshakeResponse.lambda$errorHandler$0(W3CHandshakeResponse.java:62)
	at org.openqa.selenium.remote.HandshakeResponse.lambda$getResponseFunction$0(HandshakeResponse.java:30)
	at org.openqa.selenium.remote.ProtocolHandshake.lambda$createSession$0(ProtocolHandshake.java:126)
	at java.util.stream.ReferencePipeline$3$1.accept(Unknown Source)
	at java.util.Spliterators$ArraySpliterator.tryAdvance(Unknown Source)
	at java.util.stream.ReferencePipeline.forEachWithCancel(Unknown Source)
	at java.util.stream.AbstractPipeline.copyIntoWithCancel(Unknown Source)
	at java.util.stream.AbstractPipeline.copyInto(Unknown Source)
	at java.util.stream.AbstractPipeline.wrapAndCopyInto(Unknown Source)
	at java.util.stream.FindOps$FindOp.evaluateSequential(Unknown Source)
	at java.util.stream.AbstractPipeline.evaluate(Unknown Source)
	at java.util.stream.ReferencePipeline.findFirst(Unknown Source)
	at org.openqa.selenium.remote.ProtocolHandshake.createSession(ProtocolHandshake.java:128)
	at org.openqa.selenium.remote.ProtocolHandshake.createSession(ProtocolHandshake.java:74)
	at org.openqa.selenium.remote.HttpCommandExecutor.execute(HttpCommandExecutor.java:136)
	at org.openqa.selenium.remote.service.DriverCommandExecutor.execute(DriverCommandExecutor.java:83)
	at org.openqa.selenium.remote.RemoteWebDriver.execute(RemoteWebDriver.java:552)
	at org.openqa.selenium.remote.RemoteWebDriver.startSession(RemoteWebDriver.java:213)
	at org.openqa.selenium.remote.RemoteWebDriver.&lt;init&gt;(RemoteWebDriver.java:131)
	at org.openqa.selenium.chrome.ChromeDriver.&lt;init&gt;(ChromeDriver.java:181)
	at org.openqa.selenium.chrome.ChromeDriver.&lt;init&gt;(ChromeDriver.java:168)
	at org.openqa.selenium.chrome.ChromeDriver.&lt;init&gt;(ChromeDriver.java:123)
	at com.common.Base.getDriver(Base.java:12)
	at com.stepdef.Stepdef.go_to_home_page(Stepdef.java:18)
	at ?.Given go to home page(Login.feature:3)
</pre></div></td>
<td>2</td>
<td>com.testrunner.Testrunner@59f99ea</td></tr>
</table><p>
</body>
</html>